[2019-03-28 10:22:05] [FATAL] [Microsoft.AspNetCore.Hosting.Internal.HostingLoggerExtensions.ApplicationError]: Application startup exception
[2019-03-28 10:22:06] [INFO] [Microsoft.AspNetCore.Hosting.Internal.HostingApplicationDiagnostics.LogRequestStarting]: Request starting HTTP/1.1 GET http://localhost:56927/swagger/index.html  
[2019-03-28 10:22:06] [INFO] [Microsoft.AspNetCore.Hosting.Internal.HostingApplicationDiagnostics.LogRequestFinished]: Request finished in 62.3117ms 500 text/html; charset=utf-8
[2019-03-28 10:23:05] [FATAL] [Microsoft.AspNetCore.Hosting.Internal.HostingLoggerExtensions.ApplicationError]: Application startup exception
[2019-03-28 10:23:06] [INFO] [Microsoft.AspNetCore.Hosting.Internal.HostingApplicationDiagnostics.LogRequestStarting]: Request starting HTTP/1.1 GET http://localhost:56927/swagger/index.html  
[2019-03-28 10:23:06] [INFO] [Microsoft.AspNetCore.Hosting.Internal.HostingApplicationDiagnostics.LogRequestFinished]: Request finished in 40.4541ms 500 text/html; charset=utf-8
[2019-03-28 10:24:10] [FATAL] [Microsoft.AspNetCore.Hosting.Internal.HostingLoggerExtensions.ApplicationError]: Application startup exception
[2019-03-28 10:24:10] [INFO] [Microsoft.AspNetCore.Hosting.Internal.HostingApplicationDiagnostics.LogRequestStarting]: Request starting HTTP/1.1 GET http://localhost:56927/swagger/index.html  
[2019-03-28 10:24:10] [INFO] [Microsoft.AspNetCore.Hosting.Internal.HostingApplicationDiagnostics.LogRequestFinished]: Request finished in 49.0875ms 500 text/html; charset=utf-8
[2019-03-28 10:26:13] [INFO] [Microsoft.AspNetCore.Hosting.Internal.HostingApplicationDiagnostics.LogRequestStarting]: Request starting HTTP/1.1 DEBUG http://localhost:56927/  0
[2019-03-28 10:26:13] [INFO] [Microsoft.AspNetCore.Hosting.Internal.HostingApplicationDiagnostics.LogRequestStarting]: Request starting HTTP/1.1 GET http://localhost:56927/swagger/index.html  
[2019-03-28 10:26:13] [INFO] [Microsoft.AspNetCore.Hosting.Internal.HostingApplicationDiagnostics.LogRequestFinished]: Request finished in 192.6648ms 200 
[2019-03-28 10:26:13] [INFO] [Microsoft.AspNetCore.Hosting.Internal.HostingApplicationDiagnostics.LogRequestFinished]: Request finished in 635.8606ms 200 text/html
[2019-03-28 10:26:13] [INFO] [Microsoft.AspNetCore.Hosting.Internal.HostingApplicationDiagnostics.LogRequestStarting]: Request starting HTTP/1.1 GET http://localhost:56927/Scripts/swagger.js  
[2019-03-28 10:26:13] [INFO] [Microsoft.AspNetCore.Hosting.Internal.HostingApplicationDiagnostics.LogRequestFinished]: Request finished in 16.5001ms 404 
[2019-03-28 10:26:14] [INFO] [Microsoft.AspNetCore.Hosting.Internal.HostingApplicationDiagnostics.LogRequestStarting]: Request starting HTTP/1.1 GET http://localhost:56927/swagger/v1/swagger.json  
[2019-03-28 10:26:14] [INFO] [Microsoft.AspNetCore.Hosting.Internal.HostingApplicationDiagnostics.LogRequestStarting]: Request starting HTTP/1.1 GET http://localhost:56927/swagger/swagger-ui-standalone-preset.js.map  
[2019-03-28 10:26:14] [INFO] [Microsoft.AspNetCore.Hosting.Internal.HostingApplicationDiagnostics.LogRequestStarting]: Request starting HTTP/1.1 GET http://localhost:56927/swagger/swagger-ui-bundle.js.map  
[2019-03-28 10:26:15] [INFO] [Microsoft.AspNetCore.StaticFiles.LoggerExtensions.LogFileServed]: Sending file. Request path: '/swagger-ui-standalone-preset.js.map'. Physical path: 'N/A'
[2019-03-28 10:26:15] [INFO] [Microsoft.AspNetCore.Hosting.Internal.HostingApplicationDiagnostics.LogRequestFinished]: Request finished in 260.3357ms 200 text/plain
[2019-03-28 10:26:15] [INFO] [Microsoft.AspNetCore.StaticFiles.LoggerExtensions.LogFileServed]: Sending file. Request path: '/swagger-ui-bundle.js.map'. Physical path: 'N/A'
[2019-03-28 10:26:15] [INFO] [Microsoft.AspNetCore.Hosting.Internal.HostingApplicationDiagnostics.LogRequestFinished]: Request finished in 385.4466ms 200 text/plain
[2019-03-28 10:26:15] [INFO] [Microsoft.AspNetCore.Hosting.Internal.HostingApplicationDiagnostics.LogRequestFinished]: Request finished in 683.3388ms 200 application/json;charset=utf-8
[2019-03-28 10:27:36] [INFO] [Microsoft.AspNetCore.Hosting.Internal.HostingApplicationDiagnostics.LogRequestStarting]: Request starting HTTP/1.1 GET http://localhost:56927/Config/GetConfig  
[2019-03-28 10:27:36] [INFO] [Microsoft.AspNetCore.Mvc.Internal.MvcCoreLoggerExtensions.ExecutingAction]: Route matched with {action = "GetConfig", controller = "Config"}. Executing action FileServer.Controllers.ConfigController.GetConfig (FileServer)
[2019-03-28 10:27:36] [INFO] [Microsoft.AspNetCore.Mvc.Internal.MvcCoreLoggerExtensions.ActionMethodExecuting]: Executing action method FileServer.Controllers.ConfigController.GetConfig (FileServer) - Validation state: Valid
[2019-03-28 10:27:36] [INFO] [Utility.Logs.LogHelper.Info]:  | 查询文件服务配置信息：ClientIP（::1）
[2019-03-28 10:27:36] [INFO] [Microsoft.AspNetCore.Mvc.Internal.MvcCoreLoggerExtensions.ActionMethodExecuted]: Executed action method FileServer.Controllers.ConfigController.GetConfig (FileServer), returned result Microsoft.AspNetCore.Mvc.OkObjectResult in 279.3261ms.
[2019-03-28 10:27:36] [INFO] [Microsoft.AspNetCore.Mvc.Internal.MvcCoreLoggerExtensions.ObjectResultExecuting]: Executing ObjectResult, writing value of type 'FileServer.SaveConfig'.
[2019-03-28 10:27:36] [INFO] [Microsoft.AspNetCore.Mvc.Internal.MvcCoreLoggerExtensions.ExecutedAction]: Executed action FileServer.Controllers.ConfigController.GetConfig (FileServer) in 500.2537ms
[2019-03-28 10:27:36] [INFO] [Microsoft.AspNetCore.Hosting.Internal.HostingApplicationDiagnostics.LogRequestFinished]: Request finished in 660.0786ms 200 application/json; charset=utf-8
